<?xml version="1.0" encoding="UTF-8"?>
<!-- Generated by org.testng.reporters.JUnitXMLReporter -->
<testsuite hostname="AKAWADHW-7420" ignored="0" name="Test" tests="2" failures="1" timestamp="04 Jul 2022 16:32:29 GMT" time="10.231" errors="0">
  <testcase name="login" time="0.284" classname="testcases.LoginToSauceDemo"/>
  <testcase name="login" time="0.002" classname="testcases.LoginToSauceDemo2">
    <failure type="java.lang.NullPointerException">
      <![CDATA[java.lang.NullPointerException
	at org.openqa.selenium.support.pagefactory.DefaultElementLocator.findElement(DefaultElementLocator.java:69)
	at org.openqa.selenium.support.pagefactory.internal.LocatingElementHandler.invoke(LocatingElementHandler.java:38)
	at com.sun.proxy.$Proxy9.sendKeys(Unknown Source)
	at pages.LoginPage.loginToSauceDemo(LoginPage.java:25)
	at testcases.LoginToSauceDemo2.login(LoginToSauceDemo2.java:20)
... Removed 25 stack frames]]>
    </failure>
  </testcase> <!-- login -->
</testsuite> <!-- Test -->
